<?xml version="1.0" encoding="UTF-8"?>
<!-- Generated by org.testng.reporters.JUnitReportReporter -->
<testsuite hostname="DESKTOP-INBM9UJ" failures="0" tests="1" name="driverFactory.DiverScript" time="16.487" errors="0" timestamp="2023-10-09T22:21:44 IST" skipped="0">
  <testcase classname="driverFactory.DiverScript" name="startTest" time="16.487">
    <system-out>
      <![CDATA[No. of rows are::9
Add Employee Success4169  4169
Add Employee Success4170  4170
Add Employee Success4171  4171
Add Employee Success4172  4172
Add Employee Success4173  4173
Add Employee Success4174  4174
Add Employee Success4175  4175
Add Employee Success4176  4176]]>
    </system-out>
  </testcase> <!-- startTest -->
  <system-out>
    <![CDATA[No. of rows are::9
Add Employee Success4169  4169
Add Employee Success4170  4170
Add Employee Success4171  4171
Add Employee Success4172  4172
Add Employee Success4173  4173
Add Employee Success4174  4174
Add Employee Success4175  4175
Add Employee Success4176  4176]]>
  </system-out>
</testsuite> <!-- driverFactory.DiverScript -->
